<?xml version="1.0" encoding="UTF-8"?>
<!-- Generated by org.testng.reporters.JUnitReportReporter -->
<testsuite hostname="DESKTOP-TMSNQ1L" failures="0" tests="1" name="gitsample.gitpractice.App" time="0.014" errors="0" timestamp="03 Jul 2021 18:14:41 GMT" skipped="0">
  <testcase classname="gitsample.gitpractice.App" name="sai" time="0.014"/>
</testsuite> <!-- gitsample.gitpractice.App -->
